<?xml version="1.0" encoding="UTF-8"?>
<coverage generated="1709680983826" clover="3.2.0">
  <project timestamp="1709680983826" name="All files">
    <metrics statements="22" coveredstatements="21" conditionals="19" coveredconditionals="18" methods="1" coveredmethods="1" elements="42" coveredelements="40" complexity="0" loc="22" ncloc="22" packages="1" files="1" classes="1"/>
    <file name="CalculateComission.js" path="/workspaces/activity5/CalculateComission.js">
      <metrics statements="22" coveredstatements="21" conditionals="19" coveredconditionals="18" methods="1" coveredmethods="1"/>
      <line num="4" count="27" type="stmt"/>
      <line num="5" count="27" type="stmt"/>
      <line num="6" count="27" type="stmt"/>
      <line num="9" count="27" type="stmt"/>
      <line num="10" count="27" type="stmt"/>
      <line num="11" count="27" type="stmt"/>
      <line num="14" count="27" type="stmt"/>
      <line num="17" count="27" type="cond" truecount="5" falsecount="0"/>
      <line num="18" count="4" type="stmt"/>
      <line num="20" count="23" type="cond" truecount="5" falsecount="0"/>
      <line num="21" count="10" type="stmt"/>
      <line num="23" count="13" type="cond" truecount="5" falsecount="0"/>
      <line num="24" count="3" type="stmt"/>
      <line num="28" count="10" type="cond" truecount="2" falsecount="0"/>
      <line num="29" count="4" type="stmt"/>
      <line num="30" count="6" type="cond" truecount="1" falsecount="1"/>
      <line num="31" count="0" type="stmt"/>
      <line num="33" count="6" type="stmt"/>
      <line num="37" count="10" type="stmt"/>
      <line num="40" count="10" type="stmt"/>
      <line num="42" count="10" type="stmt"/>
      <line num="44" count="1" type="stmt"/>
    </file>
  </project>
</coverage>
