{"/workspaces/activity5/CalculateComission.js": {"path":"/workspaces/activity5/CalculateComission.js","statementMap":{"0":{"start":{"line":4,"column":21},"end":{"line":4,"column":23}},"1":{"start":{"line":5,"column":22},"end":{"line":5,"column":24}},"2":{"start":{"line":6,"column":23},"end":{"line":6,"column":25}},"3":{"start":{"line":9,"column":21},"end":{"line":9,"column":23}},"4":{"start":{"line":10,"column":22},"end":{"line":10,"column":24}},"5":{"start":{"line":11,"column":23},"end":{"line":11,"column":25}},"6":{"start":{"line":14,"column":23},"end":{"line":14,"column":89}},"7":{"start":{"line":17,"column":4},"end":{"line":25,"column":5}},"8":{"start":{"line":18,"column":8},"end":{"line":18,"column":57}},"9":{"start":{"line":20,"column":9},"end":{"line":25,"column":5}},"10":{"start":{"line":21,"column":8},"end":{"line":21,"column":40}},"11":{"start":{"line":23,"column":9},"end":{"line":25,"column":5}},"12":{"start":{"line":24,"column":8},"end":{"line":24,"column":40}},"13":{"start":{"line":28,"column":4},"end":{"line":34,"column":5}},"14":{"start":{"line":29,"column":8},"end":{"line":29,"column":29}},"15":{"start":{"line":30,"column":11},"end":{"line":34,"column":5}},"16":{"start":{"line":31,"column":8},"end":{"line":31,"column":30}},"17":{"start":{"line":33,"column":8},"end":{"line":33,"column":29}},"18":{"start":{"line":37,"column":21},"end":{"line":37,"column":48}},"19":{"start":{"line":40,"column":4},"end":{"line":40,"column":22}},"20":{"start":{"line":42,"column":4},"end":{"line":42,"column":35}},"21":{"start":{"line":44,"column":0},"end":{"line":44,"column":45}}},"fnMap":{"0":{"name":"calculateCommissionFunction","decl":{"start":{"line":2,"column":9},"end":{"line":2,"column":36}},"loc":{"start":{"line":2,"column":67},"end":{"line":43,"column":1}},"line":2}},"branchMap":{"0":{"loc":{"start":{"line":17,"column":4},"end":{"line":25,"column":5}},"type":"if","locations":[{"start":{"line":17,"column":4},"end":{"line":25,"column":5}},{"start":{"line":20,"column":9},"end":{"line":25,"column":5}}],"line":17},"1":{"loc":{"start":{"line":17,"column":8},"end":{"line":17,"column":76}},"type":"binary-expr","locations":[{"start":{"line":17,"column":8},"end":{"line":17,"column":26}},{"start":{"line":17,"column":30},"end":{"line":17,"column":50}},{"start":{"line":17,"column":54},"end":{"line":17,"column":76}}],"line":17},"2":{"loc":{"start":{"line":20,"column":9},"end":{"line":25,"column":5}},"type":"if","locations":[{"start":{"line":20,"column":9},"end":{"line":25,"column":5}},{"start":{"line":23,"column":9},"end":{"line":25,"column":5}}],"line":20},"3":{"loc":{"start":{"line":20,"column":13},"end":{"line":20,"column":57}},"type":"binary-expr","locations":[{"start":{"line":20,"column":13},"end":{"line":20,"column":24}},{"start":{"line":20,"column":28},"end":{"line":20,"column":40}},{"start":{"line":20,"column":44},"end":{"line":20,"column":57}}],"line":20},"4":{"loc":{"start":{"line":23,"column":9},"end":{"line":25,"column":5}},"type":"if","locations":[{"start":{"line":23,"column":9},"end":{"line":25,"column":5}},{"start":{},"end":{}}],"line":23},"5":{"loc":{"start":{"line":23,"column":14},"end":{"line":23,"column":68}},"type":"binary-expr","locations":[{"start":{"line":23,"column":14},"end":{"line":23,"column":28}},{"start":{"line":23,"column":33},"end":{"line":23,"column":48}},{"start":{"line":23,"column":52},"end":{"line":23,"column":68}}],"line":23},"6":{"loc":{"start":{"line":28,"column":4},"end":{"line":34,"column":5}},"type":"if","locations":[{"start":{"line":28,"column":4},"end":{"line":34,"column":5}},{"start":{"line":30,"column":11},"end":{"line":34,"column":5}}],"line":28},"7":{"loc":{"start":{"line":30,"column":11},"end":{"line":34,"column":5}},"type":"if","locations":[{"start":{"line":30,"column":11},"end":{"line":34,"column":5}},{"start":{"line":32,"column":11},"end":{"line":34,"column":5}}],"line":30}},"s":{"0":27,"1":27,"2":27,"3":27,"4":27,"5":27,"6":27,"7":27,"8":4,"9":23,"10":10,"11":13,"12":3,"13":10,"14":4,"15":6,"16":0,"17":6,"18":10,"19":10,"20":10,"21":1},"f":{"0":27},"b":{"0":[4,23],"1":[27,26,24],"2":[10,13],"3":[23,17,15],"4":[3,10],"5":[13,12,11],"6":[4,6],"7":[0,6]},"_coverageSchema":"1a1c01bbd47fc00a2c39e90264f33305004495a9","hash":"397b91f6060fbdca874f3ee12ac0ffc56576c75d"}
}
