TN:
SF:CalculateComission.js
FN:2,calculateCommissionFunction
FNF:1
FNH:1
FNDA:27,calculateCommissionFunction
DA:4,27
DA:5,27
DA:6,27
DA:9,27
DA:10,27
DA:11,27
DA:14,27
DA:17,27
DA:18,4
DA:20,23
DA:21,10
DA:23,13
DA:24,3
DA:28,10
DA:29,4
DA:30,6
DA:31,0
DA:33,6
DA:37,10
DA:40,10
DA:42,10
DA:44,1
LF:22
LH:21
BRDA:17,0,0,4
BRDA:17,0,1,23
BRDA:17,1,0,27
BRDA:17,1,1,26
BRDA:17,1,2,24
BRDA:20,2,0,10
BRDA:20,2,1,13
BRDA:20,3,0,23
BRDA:20,3,1,17
BRDA:20,3,2,15
BRDA:23,4,0,3
BRDA:23,4,1,10
BRDA:23,5,0,13
BRDA:23,5,1,12
BRDA:23,5,2,11
BRDA:28,6,0,4
BRDA:28,6,1,6
BRDA:30,7,0,0
BRDA:30,7,1,6
BRF:19
BRH:18
end_of_record
